<?xml version="1.0" encoding="UTF-8"?>
<!-- Generated by org.testng.reporters.JUnitReportReporter -->
<testsuite skipped="0" hostname="XIPL9715" name="Scenarios.RegistrationUser" tests="1" failures="0" timestamp="2022-09-27T14:11:05 IST" time="23.155" errors="0">
  <testcase name="register_new_user" time="23.155" classname="Scenarios.RegistrationUser"/>
  <system-out/>
</testsuite> <!-- Scenarios.RegistrationUser -->
