<?xml version="1.0" encoding="UTF-8"?>
<!-- Generated by org.testng.reporters.JUnitReportReporter -->
<testsuite skipped="0" hostname="XIPL9715" name="Scenarios.LoginToPage" tests="5" failures="0" timestamp="2022-09-23T18:33:50 IST" time="25.163" errors="0">
  <testcase name="login_user" time="1.475" classname="Scenarios.LoginToPage"/>
  <system-out/>
  <testcase name="select_fragrance_catagory" time="0.258" classname="Scenarios.LoginToPage"/>
  <system-out/>
  <testcase name="select_fragrance_sub_category" time="0.880" classname="Scenarios.LoginToPage"/>
  <system-out/>
  <testcase name="select_perfume" time="11.001" classname="Scenarios.LoginToPage"/>
  <system-out/>
  <testcase name="product_checkout" time="11.549" classname="Scenarios.LoginToPage"/>
  <system-out/>
</testsuite> <!-- Scenarios.LoginToPage -->
