<?xml version="1.0" encoding="UTF-8"?>
<!-- Generated by org.testng.reporters.JUnitReportReporter -->
<testsuite skipped="0" hostname="XIPL9715" name="Scenarios.RegistrationUser" tests="1" failures="0" timestamp="2022-09-23T18:33:50 IST" time="20.724" errors="0">
  <testcase name="register_new_user" time="20.724" classname="Scenarios.RegistrationUser"/>
  <system-out/>
</testsuite> <!-- Scenarios.RegistrationUser -->
