<?xml version="1.0" encoding="UTF-8"?>
<!-- Generated by org.testng.reporters.JUnitReportReporter -->
<testsuite skipped="0" hostname="XIPL9715" name="Scenarios.LoginToPage" tests="5" failures="0" timestamp="2022-09-27T14:11:05 IST" time="28.169" errors="0">
  <testcase name="login_user" time="1.642" classname="Scenarios.LoginToPage"/>
  <system-out/>
  <testcase name="select_fragrance_catagory" time="0.255" classname="Scenarios.LoginToPage"/>
  <system-out/>
  <testcase name="select_fragrance_sub_category" time="1.039" classname="Scenarios.LoginToPage"/>
  <system-out/>
  <testcase name="select_perfume" time="11.573" classname="Scenarios.LoginToPage"/>
  <system-out/>
  <testcase name="product_checkout" time="13.660" classname="Scenarios.LoginToPage"/>
  <system-out/>
</testsuite> <!-- Scenarios.LoginToPage -->
